<?xml version="1.0" encoding="UTF-8" ?>
<testsuite errors="0" failures="0" hostname="User-PC" name="com.yahoo.mfatogun.BDDproject1.TestRnner" skipped="8" tests="30" time="489.528" timestamp="2016-12-16T16:58:41">
  <properties>
    <property name="java.vendor" value="Oracle Corporation" />
    <property name="env.USERDOMAIN_ROAMINGPROFILE" value="User-PC" />
    <property name="env.JENKINS_SERVER_COOKIE" value="c2c04ceb408c8369" />
    <property name="sun.java.launcher" value="SUN_STANDARD" />
    <property name="sun.management.compiler" value="HotSpot Client Compiler" />
    <property name="env.PROMPT" value="$P$G" />
    <property name="os.name" value="Windows 10" />
    <property name="sun.boot.class.path" value="C:\Program Files\Java\jdk1.8.0_111\jre\lib\resources.jar;C:\Program Files\Java\jdk1.8.0_111\jre\lib\rt.jar;C:\Program Files\Java\jdk1.8.0_111\jre\lib\sunrsasign.jar;C:\Program Files\Java\jdk1.8.0_111\jre\lib\jsse.jar;C:\Program Files\Java\jdk1.8.0_111\jre\lib\jce.jar;C:\Program Files\Java\jdk1.8.0_111\jre\lib\charsets.jar;C:\Program Files\Java\jdk1.8.0_111\jre\lib\jfr.jar;C:\Program Files\Java\jdk1.8.0_111\jre\classes" />
    <property name="env.COMPUTERNAME" value="USER-PC" />
    <property name="env.ALLUSERSPROFILE" value="C:\ProgramData" />
    <property name="sun.desktop" value="windows" />
    <property name="java.vm.specification.vendor" value="Oracle Corporation" />
    <property name="ant.file.BDDproject1" value="C:\Users\User\MySelenium\WorkspaceBDD\BDD1\BDDproject1\build.xml" />
    <property name="ant.home" value="C:\Program Files\apache-ant-1.9.7" />
    <property name="java.runtime.version" value="1.8.0_111-b14" />
    <property name="env.BUILD_DISPLAY_NAME" value="#4" />
    <property name="env.HOMEPATH" value="\Users\User" />
    <property name="user.name" value="User" />
    <property name="user.language" value="en" />
    <property name="sun.boot.library.path" value="C:\Program Files\Java\jdk1.8.0_111\jre\bin" />
    <property name="ant.project.default-target" value="build" />
    <property name="ant.project.name" value="BDDproject1" />
    <property name="java.version" value="1.8.0_111" />
    <property name="env.PROCESSOR_IDENTIFIER" value="x86 Family 6 Model 15 Stepping 2, GenuineIntel" />
    <property name="user.timezone" value="" />
    <property name="env.NODE_NAME" value="master" />
    <property name="env.TEMP" value="C:\Users\User\AppData\Local\Temp" />
    <property name="sun.arch.data.model" value="32" />
    <property name="java.endorsed.dirs" value="C:\Program Files\Java\jdk1.8.0_111\jre\lib\endorsed" />
    <property name="ant.file.type.BDDproject1" value="file" />
    <property name="env._JAVACMD" value="C:\Program Files\Java\jdk1.8.0_111\bin\java.exe" />
    <property name="sun.cpu.isalist" value="pentium_pro+mmx pentium_pro pentium+mmx pentium i486 i386 i86" />
    <property name="env.JOB_BASE_NAME" value="BDD2" />
    <property name="env.HOMEDRIVE" value="C:" />
    <property name="sun.jnu.encoding" value="Cp1252" />
    <property name="file.encoding.pkg" value="sun.io" />
    <property name="ECLIPSE_HOME" value="../../../../User folder/Downloads/eclipse-jee-luna-SR2-win32/eclipse/" />
    <property name="file.separator" value="\" />
    <property name="java.specification.name" value="Java Platform API Specification" />
    <property name="java.class.version" value="52.0" />
    <property name="user.country" value="US" />
    <property name="env.BUILD_NUMBER" value="4" />
    <property name="java.home" value="C:\Program Files\Java\jdk1.8.0_111\jre" />
    <property name="env.PSModulePath" value="C:\Program Files\WindowsPowerShell\Modules;C:\WINDOWS\system32\WindowsPowerShell\v1.0\Modules" />
    <property name="env.ANDROID_HOME" value="C:\Program Files\Android_sdk\sdk" />
    <property name="env.APPDATA" value="C:\Users\User\AppData\Roaming" />
    <property name="env.PUBLIC" value="C:\Users\Public" />
    <property name="java.vm.info" value="mixed mode, sharing" />
    <property name="env.ComSpec" value="C:\WINDOWS\system32\cmd.exe" />
    <property name="env.OS" value="Windows_NT" />
    <property name="env.CommonProgramFiles" value="C:\Program Files\Common Files" />
    <property name="ant.file" value="C:\Users\User\MySelenium\WorkspaceBDD\BDD1\BDDproject1\build.xml" />
    <property name="os.version" value="10.0" />
    <property name="env.GIT_HOME" value="C:\Program Files\Git" />
    <property name="env._USE_CLASSPATH" value="no" />
    <property name="env.HUDSON_COOKIE" value="e825e734-1dbc-46a3-9881-e5db8ca6c5a7" />
    <property name="path.separator" value=";" />
    <property name="java.vm.version" value="25.111-b14" />
    <property name="env.USERPROFILE" value="C:\Users\User" />
    <property name="user.variant" value="" />
    <property name="ant.library.dir" value="C:\Program Files\apache-ant-1.9.7\lib" />
    <property name="junit.output.dir" value="junit" />
    <property name="env.JOB_NAME" value="BDD2" />
    <property name="env.JAVA_HOME" value="C:\Program Files\Java\jdk1.8.0_111" />
    <property name="java.awt.printerjob" value="sun.awt.windows.WPrinterJob" />
    <property name="env.TMP" value="C:\Users\User\AppData\Local\Temp" />
    <property name="env.FPS_BROWSER_USER_PROFILE_STRING" value="Default" />
    <property name="sun.io.unicode.encoding" value="UnicodeLittle" />
    <property name="awt.toolkit" value="sun.awt.windows.WToolkit" />
    <property name="user.script" value="" />
    <property name="env.HUDSON_URL" value=" http://localhost:9090/" />
    <property name="env.BUILD_TAG" value="jenkins-BDD2-4" />
    <property name="target" value="1.8" />
    <property name="user.home" value="C:\Users\User" />
    <property name="env.JENKINS_HOME" value="C:\Users\User\.jenkins" />
    <property name="env.JOB_URL" value=" http://localhost:9090/job/BDD2/" />
    <property name="env.ProgramData" value="C:\ProgramData" />
    <property name="env.SESSIONNAME" value="Console" />
    <property name="java.specification.vendor" value="Oracle Corporation" />
    <property name="env.M2_HOME" value="C:\Program Files\Apache Foundation\apache-maven-3.3.9" />
    <property name="java.vendor.url" value="http://java.oracle.com/" />
    <property name="java.library.path" value="C:\Program Files\Java\jdk1.8.0_111\jre\bin;C:\WINDOWS\Sun\Java\bin;C:\WINDOWS\system32;C:\WINDOWS;C:\Program Files\Apache Foundation\apache-maven-3.3.9/bin;C:\Program Files\Java\jdk1.8.0_111/bin;C:\Program Files\Java\jdk1.8.0_111/bin;C:\ProgramData\Oracle\Java\javapath;C:\WINDOWS\system32;C:\WINDOWS;C:\WINDOWS\System32\Wbem;C:\WINDOWS\System32\WindowsPowerShell\v1.0\;C:\Program Files\Android_sdk\sdk\tools;C:\Program Files\Android_sdk\sdk\platform-tools\;C:\Program Files\Java\jre1.8.0_111\bin;C:\Program Files\apache-ant-1.9.7\bin;C:\Program Files\Apache Foundation\apache-maven-3.3.9\bin;C:\Program Files\Jenkins\Jenkinshome;C:\Program Files\Git\cmd;C:\Program Files\apache-ant-1.9.7\bin;C:\Program Files\Git\bin;." />
    <property name="env.NUMBER_OF_PROCESSORS" value="2" />
    <property name="env.HUDSON_HOME" value="C:\Users\User\.jenkins" />
    <property name="java.vm.vendor" value="Oracle Corporation" />
    <property name="env.HUDSON_SERVER_COOKIE" value="c2c04ceb408c8369" />
    <property name="java.runtime.name" value="Java(TM) SE Runtime Environment" />
    <property name="java.class.path" value="C:\Users\User\MySelenium\WorkspaceBDD\BDD1\BDDproject1\target\test-classes;C:\Users\User\.m2\repository\junit\junit\4.12\junit-4.12.jar;C:\Users\User\.m2\repository\org\hamcrest\hamcrest-core\1.3\hamcrest-core-1.3.jar;C:\Users\User\.m2\repository\org\seleniumhq\selenium\selenium-server\2.52.0\selenium-server-2.52.0.jar;C:\Users\User\.m2\repository\com\beust\jcommander\1.48\jcommander-1.48.jar;C:\Users\User\.m2\repository\org\bouncycastle\bcprov-jdk15on\1.48\bcprov-jdk15on-1.48.jar;C:\Users\User\.m2\repository\org\bouncycastle\bcpkix-jdk15on\1.48\bcpkix-jdk15on-1.48.jar;C:\Users\User\.m2\repository\mx4j\mx4j-tools\3.0.1\mx4j-tools-3.0.1.jar;C:\Users\User\.m2\repository\org\seleniumhq\selenium\jetty-repacked\9.2.13.v20150730\jetty-repacked-9.2.13.v20150730.jar;C:\Users\User\.m2\repository\javax\servlet\javax.servlet-api\3.1.0\javax.servlet-api-3.1.0.jar;C:\Users\User\.m2\repository\org\seleniumhq\selenium\jetty-rc-repacked\5\jetty-rc-repacked-5.jar;C:\Users\User\.m2\repository\net\jcip\jcip-annotations\1.0\jcip-annotations-1.0.jar;C:\Users\User\.m2\repository\org\seleniumhq\selenium\selenium-java\2.52.0\selenium-java-2.52.0.jar;C:\Users\User\.m2\repository\org\seleniumhq\selenium\selenium-chrome-driver\2.52.0\selenium-chrome-driver-2.52.0.jar;C:\Users\User\.m2\repository\org\seleniumhq\selenium\selenium-remote-driver\2.52.0\selenium-remote-driver-2.52.0.jar;C:\Users\User\.m2\repository\cglib\cglib-nodep\2.1_3\cglib-nodep-2.1_3.jar;C:\Users\User\.m2\repository\com\google\code\gson\gson\2.3.1\gson-2.3.1.jar;C:\Users\User\.m2\repository\org\seleniumhq\selenium\selenium-api\2.52.0\selenium-api-2.52.0.jar;C:\Users\User\.m2\repository\com\google\guava\guava\19.0\guava-19.0.jar;C:\Users\User\.m2\repository\org\seleniumhq\selenium\selenium-edge-driver\2.52.0\selenium-edge-driver-2.52.0.jar;C:\Users\User\.m2\repository\commons-io\commons-io\2.4\commons-io-2.4.jar;C:\Users\User\.m2\repository\org\apache\commons\commons-exec\1.3\commons-exec-1.3.jar;C:\Users\User\.m2\repository\org\seleniumhq\selenium\selenium-htmlunit-driver\2.52.0\selenium-htmlunit-driver-2.52.0.jar;C:\Users\User\.m2\repository\net\sourceforge\htmlunit\htmlunit\2.18\htmlunit-2.18.jar;C:\Users\User\.m2\repository\xalan\xalan\2.7.2\xalan-2.7.2.jar;C:\Users\User\.m2\repository\xalan\serializer\2.7.2\serializer-2.7.2.jar;C:\Users\User\.m2\repository\org\apache\commons\commons-lang3\3.4\commons-lang3-3.4.jar;C:\Users\User\.m2\repository\org\apache\httpcomponents\httpmime\4.5\httpmime-4.5.jar;C:\Users\User\.m2\repository\net\sourceforge\htmlunit\htmlunit-core-js\2.17\htmlunit-core-js-2.17.jar;C:\Users\User\.m2\repository\xerces\xercesImpl\2.11.0\xercesImpl-2.11.0.jar;C:\Users\User\.m2\repository\xml-apis\xml-apis\1.4.01\xml-apis-1.4.01.jar;C:\Users\User\.m2\repository\net\sourceforge\nekohtml\nekohtml\1.9.22\nekohtml-1.9.22.jar;C:\Users\User\.m2\repository\net\sourceforge\cssparser\cssparser\0.9.16\cssparser-0.9.16.jar;C:\Users\User\.m2\repository\org\w3c\css\sac\1.3\sac-1.3.jar;C:\Users\User\.m2\repository\commons-logging\commons-logging\1.2\commons-logging-1.2.jar;C:\Users\User\.m2\repository\org\eclipse\jetty\websocket\websocket-client\9.2.12.v20150709\websocket-client-9.2.12.v20150709.jar;C:\Users\User\.m2\repository\org\eclipse\jetty\jetty-util\9.2.12.v20150709\jetty-util-9.2.12.v20150709.jar;C:\Users\User\.m2\repository\org\eclipse\jetty\jetty-io\9.2.12.v20150709\jetty-io-9.2.12.v20150709.jar;C:\Users\User\.m2\repository\org\eclipse\jetty\websocket\websocket-common\9.2.12.v20150709\websocket-common-9.2.12.v20150709.jar;C:\Users\User\.m2\repository\org\eclipse\jetty\websocket\websocket-api\9.2.12.v20150709\websocket-api-9.2.12.v20150709.jar;C:\Users\User\.m2\repository\commons-collections\commons-collections\3.2.2\commons-collections-3.2.2.jar;C:\Users\User\.m2\repository\org\apache\httpcomponents\httpclient\4.5.1\httpclient-4.5.1.jar;C:\Users\User\.m2\repository\org\apache\httpcomponents\httpcore\4.4.3\httpcore-4.4.3.jar;C:\Users\User\.m2\repository\org\seleniumhq\selenium\selenium-firefox-driver\2.52.0\selenium-firefox-driver-2.52.0.jar;C:\Users\User\.m2\repository\org\seleniumhq\selenium\selenium-ie-driver\2.52.0\selenium-ie-driver-2.52.0.jar;C:\Users\User\.m2\repository\net\java\dev\jna\jna\4.1.0\jna-4.1.0.jar;C:\Users\User\.m2\repository\net\java\dev\jna\jna-platform\4.1.0\jna-platform-4.1.0.jar;C:\Users\User\.m2\repository\org\seleniumhq\selenium\selenium-safari-driver\2.52.0\selenium-safari-driver-2.52.0.jar;C:\Users\User\.m2\repository\org\seleniumhq\selenium\selenium-support\2.52.0\selenium-support-2.52.0.jar;C:\Users\User\.m2\repository\org\webbitserver\webbit\0.4.14\webbit-0.4.14.jar;C:\Users\User\.m2\repository\io\netty\netty\3.5.2.Final\netty-3.5.2.Final.jar;C:\Users\User\.m2\repository\org\seleniumhq\selenium\selenium-leg-rc\2.52.0\selenium-leg-rc-2.52.0.jar;C:\Users\User\.m2\repository\org\yaml\snakeyaml\1.8\snakeyaml-1.8.jar;C:\Users\User\.m2\repository\commons-codec\commons-codec\1.10\commons-codec-1.10.jar;C:\Users\User\.m2\repository\info\cukes\cucumber-java\1.2.5\cucumber-java-1.2.5.jar;C:\Users\User\.m2\repository\info\cukes\cucumber-core\1.2.5\cucumber-core-1.2.5.jar;C:\Users\User\.m2\repository\info\cukes\cucumber-html\0.2.3\cucumber-html-0.2.3.jar;C:\Users\User\.m2\repository\info\cukes\cucumber-picocontainer\1.2.5\cucumber-picocontainer-1.2.5.jar;C:\Users\User\.m2\repository\info\cukes\cucumber-jvm-deps\1.0.5\cucumber-jvm-deps-1.0.5.jar;C:\Users\User\.m2\repository\info\cukes\gherkin\2.12.2\gherkin-2.12.2.jar;C:\Users\User\.m2\repository\org\picocontainer\picocontainer\2.15\picocontainer-2.15.jar;C:\Users\User\.m2\repository\info\cukes\cucumber-junit\1.2.5\cucumber-junit-1.2.5.jar;C:\Program Files\apache-ant-1.9.7\lib\ant-launcher.jar;C:\Program Files\apache-ant-1.9.7\lib\ant.jar;C:\Program Files\apache-ant-1.9.7\lib\ant-junit.jar;C:\Program Files\apache-ant-1.9.7\lib\ant-junit4.jar" />
    <property name="sun.java.command" value="org.apache.tools.ant.taskdefs.optional.junit.JUnitTestRunner com.yahoo.mfatogun.BDDproject1.TestRnner skipNonTests=false filtertrace=true haltOnError=false haltOnFailure=false formatter=org.apache.tools.ant.taskdefs.optional.junit.OutErrSummaryJUnitResultFormatter showoutput=false outputtoformatters=true logfailedtests=true threadid=0 logtestlistenerevents=false formatter=org.apache.tools.ant.taskdefs.optional.junit.XMLJUnitResultFormatter,C:\Users\User\MySelenium\WorkspaceBDD\BDD1\BDDproject1\junit\TEST-com.yahoo.mfatogun.BDDproject1.TestRnner.xml crashfile=C:\Users\User\MySelenium\WorkspaceBDD\BDD1\BDDproject1\junitvmwatcher6194022171892077214.properties propsfile=C:\Users\User\MySelenium\WorkspaceBDD\BDD1\BDDproject1\junit7021741501835222393.properties" />
    <property name="ant.version" value="Apache Ant(TM) version 1.9.7 compiled on April 9 2016" />
    <property name="env.EXECUTOR_NUMBER" value="1" />
    <property name="java.vm.specification.name" value="Java Virtual Machine Specification" />
    <property name="ant.file.type" value="file" />
    <property name="env.LOGONSERVER" value="\\USER-PC" />
    <property name="env.windir" value="C:\WINDOWS" />
    <property name="java.vm.specification.version" value="1.8" />
    <property name="env.PROCESSOR_ARCHITECTURE" value="x86" />
    <property name="sun.cpu.endian" value="little" />
    <property name="sun.os.patch.level" value="" />
    <property name="debuglevel" value="source,lines,vars" />
    <property name="env.ProgramFiles" value="C:\Program Files" />
    <property name="env.ANT_HOME" value="C:\Program Files\apache-ant-1.9.7" />
    <property name="java.io.tmpdir" value="C:\Users\User\AppData\Local\Temp\" />
    <property name="env.BUILD_URL" value=" http://localhost:9090/job/BDD2/4/" />
    <property name="env.PROCESSOR_REVISION" value="0f02" />
    <property name="java.vendor.url.bug" value="http://bugreport.sun.com/bugreport/" />
    <property name="env.SystemRoot" value="C:\WINDOWS" />
    <property name="env.FPS_BROWSER_APP_PROFILE_STRING" value="Internet Explorer" />
    <property name="java.awt.graphicsenv" value="sun.awt.Win32GraphicsEnvironment" />
    <property name="os.arch" value="x86" />
    <property name="env.ANT_CMD_LINE_ARGS" value=" -file build.xml TestRnner" />
    <property name="java.ext.dirs" value="C:\Program Files\Java\jdk1.8.0_111\jre\lib\ext;C:\WINDOWS\Sun\Java\lib\ext" />
    <property name="env.JENKNS_HOME" value="C:\Program Files\Jenkins\Jenkinshome" />
    <property name="env.=D:" value="D:\" />
    <property name="env.BUILD_ID" value="4" />
    <property name="env.LOCALAPPDATA" value="C:\Users\User\AppData\Local" />
    <property name="env.MAVEN_HOME" value="C:\Program Files\Apache Foundation\apache-maven-3.3.9" />
    <property name="user.dir" value="C:\Users\User\MySelenium\WorkspaceBDD\BDD1\BDDproject1" />
    <property name="line.separator" value="&#xd;&#xa;" />
    <property name="java.vm.name" value="Java HotSpot(TM) Client VM" />
    <property name="env.JENKINS_URL" value=" http://localhost:9090/" />
    <property name="env.PATHEXT" value=".COM;.EXE;.BAT;.CMD;.VBS;.VBE;.JS;.JSE;.WSF;.WSH;.MSC" />
    <property name="env.Path" value="C:\Program Files\Apache Foundation\apache-maven-3.3.9/bin;C:\Program Files\Java\jdk1.8.0_111/bin;C:\Program Files\Java\jdk1.8.0_111/bin;C:\ProgramData\Oracle\Java\javapath;C:\WINDOWS\system32;C:\WINDOWS;C:\WINDOWS\System32\Wbem;C:\WINDOWS\System32\WindowsPowerShell\v1.0\;C:\Program Files\Android_sdk\sdk\tools;C:\Program Files\Android_sdk\sdk\platform-tools\;C:\Program Files\Java\jre1.8.0_111\bin;C:\Program Files\apache-ant-1.9.7\bin;C:\Program Files\Apache Foundation\apache-maven-3.3.9\bin;C:\Program Files\Jenkins\Jenkinshome;C:\Program Files\Git\cmd;C:\Program Files\apache-ant-1.9.7\bin;C:\Program Files\Git\bin" />
    <property name="basedir" value="C:\Users\User\MySelenium\WorkspaceBDD\BDD1\BDDproject1" />
    <property name="ant.java.version" value="1.8" />
    <property name="ant.core.lib" value="C:\Program Files\apache-ant-1.9.7\lib\ant.jar" />
    <property name="env.USERNAME" value="User" />
    <property name="source" value="1.8" />
    <property name="env.SystemDrive" value="C:" />
    <property name="file.encoding" value="Cp1252" />
    <property name="env.WORKSPACE" value="C:\Users\User\.jenkins\workspace\BDD2" />
    <property name="env.USERDOMAIN" value="User-PC" />
    <property name="java.specification.version" value="1.8" />
    <property name="env.=C:" value="C:\Users\User\MySelenium\WorkspaceBDD\BDD1\BDDproject1" />
    <property name="ant.project.invoked-targets" value="TestRnner" />
    <property name="env.NODE_LABELS" value="master" />
    <property name="env.PROCESSOR_LEVEL" value="6" />
  </properties>
  <testcase classname="| New Cars | mm_mike |  | sonsofgod | mm_mike |" name="Given am on car wale stie" time="0.001" />
  <testcase classname="| New Cars | mm_mike |  | sonsofgod | mm_mike |" name="When clcik to login" time="0.001" />
  <testcase classname="| New Cars | mm_mike |  | sonsofgod | mm_mike |" name="And enter mail as &quot;mm_mike&quot; and passwd as &quot;sonsofgod&quot;" time="0.0" />
  <testcase classname="| New Cars | mm_mike |  | sonsofgod | mm_mike |" name="And clck sgn n bttn" time="0.0" />
  <testcase classname="| New Cars | mm_mike |  | sonsofgod | mm_mike |" name="Then logn as my logn name &quot;mm_mike&quot;" time="0.0">
    <skipped />
  </testcase>
  <testcase classname="| New Cars | mm_mike |  | sonsofgod | mm_mike |" name="And l logn out" time="0.0">
    <skipped />
  </testcase>
  <testcase classname="| New Cars | mm_mike |  | sonsofgod | mm_mike |" name="Then l close browser" time="0.001">
    <skipped />
  </testcase>
  <testcase classname="junit.framework.TestSuite" name="| New Cars | mm_mike |  | sonsofgod | mm_mike |" time="417.416">
    <skipped />
  </testcase>
  <testcase classname="| used Cars | mfatogun50@yahoo.com |  | sonsofgod | mfatogun50@yahoo.com |" name="Given am on car wale stie" time="0.0" />
  <testcase classname="| used Cars | mfatogun50@yahoo.com |  | sonsofgod | mfatogun50@yahoo.com |" name="When clcik to login" time="0.0" />
  <testcase classname="| used Cars | mfatogun50@yahoo.com |  | sonsofgod | mfatogun50@yahoo.com |" name="And enter mail as &quot;mfatogun50@yahoo.com&quot; and passwd as &quot;sonsofgod&quot;" time="0.001" />
  <testcase classname="| used Cars | mfatogun50@yahoo.com |  | sonsofgod | mfatogun50@yahoo.com |" name="And clck sgn n bttn" time="0.0" />
  <testcase classname="| used Cars | mfatogun50@yahoo.com |  | sonsofgod | mfatogun50@yahoo.com |" name="Then logn as my logn name &quot;mfatogun50@yahoo.com&quot;" time="0.0">
    <skipped />
  </testcase>
  <testcase classname="| used Cars | mfatogun50@yahoo.com |  | sonsofgod | mfatogun50@yahoo.com |" name="And l logn out" time="0.0">
    <skipped />
  </testcase>
  <testcase classname="| used Cars | mfatogun50@yahoo.com |  | sonsofgod | mfatogun50@yahoo.com |" name="Then l close browser" time="0.0">
    <skipped />
  </testcase>
  <testcase classname="junit.framework.TestSuite" name="| used Cars | mfatogun50@yahoo.com |  | sonsofgod | mfatogun50@yahoo.com |" time="67.876">
    <skipped />
  </testcase>
  <system-out><![CDATA[Feature: Login to car wale stie

  Scenario Outline: could login successflly                 [90m# login.feature:7[0m
    [36mWhen [0m[36mclcik to login[0m
    [36mAnd [0m[36menter mail as "<Myemail>" and passwd as "<Mypassd>"[0m
    [36mAnd [0m[36mclck sgn n bttn[0m
    [36mThen [0m[36mlogn as my logn name "<is>"[0m
    [36mAnd [0m[36ml logn out[0m
    [36mThen [0m[36ml close browser[0m

    Examples: 

  Background:                 [90m# login.feature:3[0m
    [32mGiven [0m[32mam on car wale stie[0m [90m# LgnTest.am_on_car_wale_stie()[0m

  Scenario Outline: could login successflly               [90m# login.feature:17[0m
    [32mWhen [0m[32mclcik to login[0m                                   [90m# LgnTest.clcik_to_login()[0m
    [32mAnd [0m[32menter mail as "[0m[32m[1mmm_mike[0m[32m" and passwd as "[0m[32m[1msonsofgod[0m[32m"[0m [90m# LgnTest.enter_mail_as_and_passwd_as(String,String)[0m
    [32mAnd [0m[32mclck sgn n bttn[0m                                   [90m# LgnTest.clck_sgn_n_bttn()[0m
    [33mThen [0m[33mlogn as my logn name "mm_mike"[0m
    [36mAnd [0m[36ml logn out[0m                                        [90m# LgnTest.l_logn_out()[0m
    [36mThen [0m[36ml close browser[0m                                  [90m# LgnTest.l_close_browser()[0m

  Background:                 [90m# login.feature:3[0m
    [32mGiven [0m[32mam on car wale stie[0m [90m# LgnTest.am_on_car_wale_stie()[0m

  Scenario Outline: could login successflly                            [90m# login.feature:18[0m
    [32mWhen [0m[32mclcik to login[0m                                                [90m# LgnTest.clcik_to_login()[0m
    [32mAnd [0m[32menter mail as "[0m[32m[1mmfatogun50@yahoo.com[0m[32m" and passwd as "[0m[32m[1msonsofgod[0m[32m"[0m [90m# LgnTest.enter_mail_as_and_passwd_as(String,String)[0m
    [32mAnd [0m[32mclck sgn n bttn[0m                                                [90m# LgnTest.clck_sgn_n_bttn()[0m
    [33mThen [0m[33mlogn as my logn name "mfatogun50@yahoo.com"[0m
    [36mAnd [0m[36ml logn out[0m                                                     [90m# LgnTest.l_logn_out()[0m
    [36mThen [0m[36ml close browser[0m                                               [90m# LgnTest.l_close_browser()[0m

2 Scenarios ([33m2 undefined[0m)
14 Steps ([36m4 skipped[0m, [33m2 undefined[0m, [32m8 passed[0m)
8m4.851s


You can implement missing steps with the snippets below:

@Then("^logn as my logn name \"([^\"]*)\"$")
public void logn_as_my_logn_name(String arg1) throws Throwable {
    // Write code here that turns the phrase above into concrete actions
    throw new PendingException();
}

]]></system-out>
  <system-err><![CDATA[Starting ChromeDriver 2.25.426923 (0390b88869384d6eb0d5d09729679f934aab9eed) on port 15458
Only local connections are allowed.
Starting ChromeDriver 2.25.426923 (0390b88869384d6eb0d5d09729679f934aab9eed) on port 37042
Only local connections are allowed.
]]></system-err>
</testsuite>
