<?xml version="1.0" encoding="UTF-8" ?>
<testsuite tests="18" failures="0" name="com.yahoo.mfatogun.BDDproject1.TestRnner" time="0.009" errors="0" skipped="8">
  <properties>
    <property name="java.vendor" value="Oracle Corporation"/>
    <property name="JOB_NAME" value="Mavin_BDD1"/>
    <property name="sun.java.launcher" value="SUN_STANDARD"/>
    <property name="NUMBER_OF_PROCESSORS" value="2"/>
    <property name="sun.management.compiler" value="HotSpot Client Compiler"/>
    <property name="JENKINS_HOME" value="C:\Users\User\.jenkins"/>
    <property name="FPS_BROWSER_USER_PROFILE_STRING" value="Default"/>
    <property name="HUDSON_SERVER_COOKIE" value="c2c04ceb408c8369"/>
    <property name="POM_ARTIFACTID" value="BDDproject1"/>
    <property name="os.name" value="Windows 10"/>
    <property name="sun.boot.class.path" value="C:\Program Files\Java\jdk1.8.0_111\jre\lib\resources.jar;C:\Program Files\Java\jdk1.8.0_111\jre\lib\rt.jar;C:\Program Files\Java\jdk1.8.0_111\jre\lib\sunrsasign.jar;C:\Program Files\Java\jdk1.8.0_111\jre\lib\jsse.jar;C:\Program Files\Java\jdk1.8.0_111\jre\lib\jce.jar;C:\Program Files\Java\jdk1.8.0_111\jre\lib\charsets.jar;C:\Program Files\Java\jdk1.8.0_111\jre\lib\jfr.jar;C:\Program Files\Java\jdk1.8.0_111\jre\classes"/>
    <property name="EXECUTOR_NUMBER" value="0"/>
    <property name="sun.desktop" value="windows"/>
    <property name="PATHEXT" value=".COM;.EXE;.BAT;.CMD;.VBS;.VBE;.JS;.JSE;.WSF;.WSH;.MSC"/>
    <property name="java.vm.specification.vendor" value="Oracle Corporation"/>
    <property name="POM_DISPLAYNAME" value="BDDproject1"/>
    <property name="NODE_LABELS" value="master"/>
    <property name="TEMP" value="C:\Users\User\AppData\Local\Temp"/>
    <property name="java.runtime.version" value="1.8.0_111-b14"/>
    <property name="FPS_BROWSER_APP_PROFILE_STRING" value="Internet Explorer"/>
    <property name="ANT_HOME" value="C:\Program Files\apache-ant-1.9.7"/>
    <property name="user.name" value="User"/>
    <property name="guice.disable.misplaced.annotation.check" value="true"/>
    <property name="ProgramFiles" value="C:\Program Files"/>
    <property name="PROMPT" value="$P$G"/>
    <property name="=A:" value="A:\"/>
    <property name="user.language" value="en"/>
    <property name="JOB_BASE_NAME" value="Mavin_BDD1"/>
    <property name="BUILD_DISPLAY_NAME" value="#11"/>
    <property name="sun.boot.library.path" value="C:\Program Files\Java\jdk1.8.0_111\jre\bin"/>
    <property name="LOCALAPPDATA" value="C:\Users\User\AppData\Local"/>
    <property name="java.version" value="1.8.0_111"/>
    <property name="PROCESSOR_LEVEL" value="6"/>
    <property name="user.timezone" value="GMT"/>
    <property name="USERNAME" value="User"/>
    <property name="sun.arch.data.model" value="32"/>
    <property name="NODE_NAME" value="master"/>
    <property name="java.endorsed.dirs" value="C:\Program Files\Java\jdk1.8.0_111\jre\lib\endorsed"/>
    <property name="BUILD_ID" value="11"/>
    <property name="sun.cpu.isalist" value="pentium_pro+mmx pentium_pro pentium+mmx pentium i486 i386 i86"/>
    <property name="sun.jnu.encoding" value="Cp1252"/>
    <property name="file.encoding.pkg" value="sun.io"/>
    <property name="file.separator" value="\"/>
    <property name="java.specification.name" value="Java Platform API Specification"/>
    <property name="HOMEDRIVE" value="C:"/>
    <property name="java.class.version" value="52.0"/>
    <property name="=::" value="::\"/>
    <property name="org.slf4j.simpleLogger.defaultLogLevel" value="info"/>
    <property name="user.country" value="US"/>
    <property name="ALLUSERSPROFILE" value="C:\ProgramData"/>
    <property name="java.home" value="C:\Program Files\Java\jdk1.8.0_111\jre"/>
    <property name="java.vm.info" value="mixed mode"/>
    <property name="os.version" value="10.0"/>
    <property name="POM_VERSION" value="0.0.1-SNAPSHOT"/>
    <property name="TMP" value="C:\Users\User\AppData\Local\Temp"/>
    <property name="path.separator" value=";"/>
    <property name="java.vm.version" value="25.111-b14"/>
    <property name="user.variant" value=""/>
    <property name="USERDOMAIN_ROAMINGPROFILE" value="User-PC"/>
    <property name="java.awt.printerjob" value="sun.awt.windows.WPrinterJob"/>
    <property name="JAVA_HOME" value="C:\Program Files\Java\jdk1.8.0_111"/>
    <property name="sun.io.unicode.encoding" value="UnicodeLittle"/>
    <property name="CommonProgramFiles" value="C:\Program Files\Common Files"/>
    <property name="ComSpec" value="C:\WINDOWS\system32\cmd.exe"/>
    <property name="HOMEPATH" value="\Users\User"/>
    <property name="awt.toolkit" value="sun.awt.windows.WToolkit"/>
    <property name="POM_PACKAGING" value="jar"/>
    <property name="COMPUTERNAME" value="USER-PC"/>
    <property name="user.script" value=""/>
    <property name="POM_GROUPID" value="com.yahoo.mfatogun"/>
    <property name="user.home" value="C:\Users\User"/>
    <property name="PUBLIC" value="C:\Users\Public"/>
    <property name="BUILD_TAG" value="jenkins-Mavin_BDD1-11"/>
    <property name="JENKINS_SERVER_COOKIE" value="c2c04ceb408c8369"/>
    <property name="HUDSON_URL" value=" http://localhost:9090/"/>
    <property name="ProgramData" value="C:\ProgramData"/>
    <property name="java.specification.vendor" value="Oracle Corporation"/>
    <property name="USERPROFILE" value="C:\Users\User"/>
    <property name="CLASSPATH" value=""/>
    <property name="java.vendor.url" value="http://java.oracle.com/"/>
    <property name="java.library.path" value="C:\Program Files\Java\jdk1.8.0_111\bin;C:\WINDOWS\Sun\Java\bin;C:\WINDOWS\system32;C:\WINDOWS;C:\Program Files\Apache Foundation\apache-maven-3.3.9/bin;C:\Program Files\Java\jdk1.8.0_111/bin;C:\Program Files\Java\jdk1.8.0_111/bin;C:\ProgramData\Oracle\Java\javapath;C:\WINDOWS\system32;C:\WINDOWS;C:\WINDOWS\System32\Wbem;C:\WINDOWS\System32\WindowsPowerShell\v1.0\;C:\Program Files\Android_sdk\sdk\tools;C:\Program Files\Android_sdk\sdk\platform-tools\;C:\Program Files\Java\jre1.8.0_111\bin;C:\Program Files\apache-ant-1.9.7\bin;C:\Program Files\Apache Foundation\apache-maven-3.3.9\bin;C:\Program Files\Jenkins\Jenkinshome;C:\Program Files\Git\cmd;C:\Program Files\apache-ant-1.9.7\bin;C:\Program Files\Git\bin;."/>
    <property name="java.vm.vendor" value="Oracle Corporation"/>
    <property name="APPDATA" value="C:\Users\User\AppData\Roaming"/>
    <property name="java.runtime.name" value="Java(TM) SE Runtime Environment"/>
    <property name="maven.home" value="C:\Program Files\Apache Foundation\apache-maven-3.3.9"/>
    <property name="java.class.path" value="C:\Users\User\.jenkins\plugins\maven-plugin\WEB-INF\lib\maven33-agent-1.8.1.jar;C:\Program Files\Apache Foundation\apache-maven-3.3.9\boot\plexus-classworlds-2.5.2.jar;C:\Program Files\Apache Foundation\apache-maven-3.3.9/conf/logging"/>
    <property name="sun.java.command" value="jenkins.maven3.agent.Maven33Main C:\Program Files\Apache Foundation\apache-maven-3.3.9 C:\Users\User\.jenkins\war\WEB-INF\lib\remoting-2.62.jar C:\Users\User\.jenkins\plugins\maven-plugin\WEB-INF\lib\maven33-interceptor-1.8.1.jar C:\Users\User\.jenkins\plugins\maven-plugin\WEB-INF\lib\maven3-interceptor-commons-1.8.1.jar 49887"/>
    <property name="Path" value="C:\Program Files\Java\jdk1.8.0_111/bin;C:\ProgramData\Oracle\Java\javapath;C:\WINDOWS\system32;C:\WINDOWS;C:\WINDOWS\System32\Wbem;C:\WINDOWS\System32\WindowsPowerShell\v1.0\;C:\Program Files\Android_sdk\sdk\tools;C:\Program Files\Android_sdk\sdk\platform-tools\;C:\Program Files\Java\jre1.8.0_111\bin;C:\Program Files\apache-ant-1.9.7\bin;C:\Program Files\Apache Foundation\apache-maven-3.3.9\bin;C:\Program Files\Jenkins\Jenkinshome;C:\Program Files\Git\cmd;C:\Program Files\apache-ant-1.9.7\bin;C:\Program Files\Git\bin"/>
    <property name="java.vm.specification.name" value="Java Virtual Machine Specification"/>
    <property name="PROCESSOR_ARCHITECTURE" value="x86"/>
    <property name="PATH+JDK" value="C:\Program Files\Java\jdk1.8.0_111/bin"/>
    <property name="PROCESSOR_IDENTIFIER" value="x86 Family 6 Model 15 Stepping 2, GenuineIntel"/>
    <property name="SESSIONNAME" value="Console"/>
    <property name="java.vm.specification.version" value="1.8"/>
    <property name="sun.os.patch.level" value=""/>
    <property name="sun.cpu.endian" value="little"/>
    <property name="M2_HOME" value="C:\Program Files\Apache Foundation\apache-maven-3.3.9"/>
    <property name="=D:" value="D:\"/>
    <property name="java.io.tmpdir" value="C:\Users\User\AppData\Local\Temp\"/>
    <property name="OS" value="Windows_NT"/>
    <property name="HUDSON_HOME" value="C:\Users\User\.jenkins"/>
    <property name="PATH+MAVEN" value="C:\Program Files\Apache Foundation\apache-maven-3.3.9/bin"/>
    <property name="BUILD_URL" value=" http://localhost:9090/job/Mavin_BDD1/11/"/>
    <property name="java.vendor.url.bug" value="http://bugreport.sun.com/bugreport/"/>
    <property name="java.awt.graphicsenv" value="sun.awt.Win32GraphicsEnvironment"/>
    <property name="os.arch" value="x86"/>
    <property name="SystemRoot" value="C:\WINDOWS"/>
    <property name="java.ext.dirs" value="C:\Program Files\Java\jdk1.8.0_111\jre\lib\ext;C:\WINDOWS\Sun\Java\lib\ext"/>
    <property name="user.dir" value="C:\Users\User\MySelenium\WorkspaceBDD\BDD1\BDDproject1"/>
    <property name="JOB_URL" value=" http://localhost:9090/job/Mavin_BDD1/"/>
    <property name="LOGONSERVER" value="\\USER-PC"/>
    <property name="USERDOMAIN" value="User-PC"/>
    <property name="line.separator" value="
"/>
    <property name="MAVEN_HOME" value="C:\Program Files\Apache Foundation\apache-maven-3.3.9"/>
    <property name="java.vm.name" value="Java HotSpot(TM) Client VM"/>
    <property name="BUILD_NUMBER" value="11"/>
    <property name="ANDROID_HOME" value="C:\Program Files\Android_sdk\sdk"/>
    <property name="JENKINS_URL" value=" http://localhost:9090/"/>
    <property name="PROCESSOR_REVISION" value="0f02"/>
    <property name="windir" value="C:\WINDOWS"/>
    <property name="=C:" value="C:\Program Files\Jenkins"/>
    <property name="file.encoding" value="Cp1252"/>
    <property name="GIT_HOME" value="C:\Program Files\Git"/>
    <property name="SystemDrive" value="C:"/>
    <property name="maven3.interceptor" value="C:\Users\User\.jenkins\plugins\maven-plugin\WEB-INF\lib\maven33-interceptor-1.8.1.jar"/>
    <property name="JENKNS_HOME" value="C:\Program Files\Jenkins\Jenkinshome"/>
    <property name="WORKSPACE" value="C:\Users\User\.jenkins\workspace\Mavin_BDD1"/>
    <property name="maven3.interceptor.common" value="C:\Users\User\.jenkins\plugins\maven-plugin\WEB-INF\lib\maven3-interceptor-commons-1.8.1.jar"/>
    <property name="java.specification.version" value="1.8"/>
    <property name="PSModulePath" value="C:\Program Files\WindowsPowerShell\Modules;C:\WINDOWS\system32\WindowsPowerShell\v1.0\Modules"/>
  </properties>
  <testcase classname="| New Cars | mm_mike |  | sonsofgod | mm_mike |" name="Given am on car wale stie" time="0.009"/>
  <testcase classname="| New Cars | mm_mike |  | sonsofgod | mm_mike |" name="When clcik to login" time="0"/>
  <testcase classname="| New Cars | mm_mike |  | sonsofgod | mm_mike |" name="And enter mail as &quot;mm_mike&quot; and passwd as &quot;sonsofgod&quot;" time="0"/>
  <testcase classname="| New Cars | mm_mike |  | sonsofgod | mm_mike |" name="And clck sgn n bttn" time="0"/>
  <testcase classname="| New Cars | mm_mike |  | sonsofgod | mm_mike |" name="Then logn as my logn name &quot;mm_mike&quot;" time="0">
    <skipped/>
  </testcase>
  <testcase classname="| New Cars | mm_mike |  | sonsofgod | mm_mike |" name="And l logn out" time="0">
    <skipped/>
  </testcase>
  <testcase classname="| New Cars | mm_mike |  | sonsofgod | mm_mike |" name="Then l close browser" time="0">
    <skipped/>
  </testcase>
  <testcase classname="| New Cars | mm_mike |  | sonsofgod | mm_mike |" name="| New Cars | mm_mike |  | sonsofgod | mm_mike |" time="0">
    <skipped/>
  </testcase>
  <testcase classname="| New Cars | mm_mike |  | sonsofgod | mm_mike |" name="| New Cars | mm_mike |  | sonsofgod | mm_mike |" time="0"/>
  <testcase classname="| used Cars | mfatogun50@yahoo.com |  | sonsofgod | mfatogun50@yahoo.com |" name="Given am on car wale stie" time="0"/>
  <testcase classname="| used Cars | mfatogun50@yahoo.com |  | sonsofgod | mfatogun50@yahoo.com |" name="When clcik to login" time="0"/>
  <testcase classname="| used Cars | mfatogun50@yahoo.com |  | sonsofgod | mfatogun50@yahoo.com |" name="And enter mail as &quot;mfatogun50@yahoo.com&quot; and passwd as &quot;sonsofgod&quot;" time="0"/>
  <testcase classname="| used Cars | mfatogun50@yahoo.com |  | sonsofgod | mfatogun50@yahoo.com |" name="And clck sgn n bttn" time="0"/>
  <testcase classname="| used Cars | mfatogun50@yahoo.com |  | sonsofgod | mfatogun50@yahoo.com |" name="Then logn as my logn name &quot;mfatogun50@yahoo.com&quot;" time="0">
    <skipped/>
  </testcase>
  <testcase classname="| used Cars | mfatogun50@yahoo.com |  | sonsofgod | mfatogun50@yahoo.com |" name="And l logn out" time="0">
    <skipped/>
  </testcase>
  <testcase classname="| used Cars | mfatogun50@yahoo.com |  | sonsofgod | mfatogun50@yahoo.com |" name="Then l close browser" time="0">
    <skipped/>
  </testcase>
  <testcase classname="| used Cars | mfatogun50@yahoo.com |  | sonsofgod | mfatogun50@yahoo.com |" name="| used Cars | mfatogun50@yahoo.com |  | sonsofgod | mfatogun50@yahoo.com |" time="0">
    <skipped/>
  </testcase>
  <testcase classname="| used Cars | mfatogun50@yahoo.com |  | sonsofgod | mfatogun50@yahoo.com |" name="| used Cars | mfatogun50@yahoo.com |  | sonsofgod | mfatogun50@yahoo.com |" time="0"/>
</testsuite>